八月 04, 2020 4:40:29 下午 io.github.yedaxia.apidocs.LogUtils info
信息: info: find java src paths:  [F:\xiangxueedu\project\mall-springcloud\mall-web-order\src\main\java\]
八月 04, 2020 4:40:29 下午 io.github.yedaxia.apidocs.LogUtils info
信息: info: project type not set, try to figure out...
八月 04, 2020 4:40:29 下午 io.github.yedaxia.apidocs.LogUtils info
信息: info: start find controllers in path : F:\xiangxueedu\project\mall-springcloud\mall-web-order\src\main\java\
八月 04, 2020 4:40:29 下午 io.github.yedaxia.apidocs.LogUtils info
信息: info: find controller file : GoodsContoller.java
八月 04, 2020 4:40:29 下午 io.github.yedaxia.apidocs.LogUtils info
信息: info: find controller file : HomeController.java
八月 04, 2020 4:40:29 下午 io.github.yedaxia.apidocs.LogUtils info
信息: info: find controller file : KillGoodsContoller.java
八月 04, 2020 4:40:29 下午 io.github.yedaxia.apidocs.LogUtils info
信息: info: find controller file : OrderController.java
八月 04, 2020 4:40:29 下午 io.github.yedaxia.apidocs.LogUtils info
信息: info: find controller file : PayController.java
八月 04, 2020 4:40:29 下午 io.github.yedaxia.apidocs.LogUtils info
信息: info: find controller file : SearchController.java
八月 04, 2020 4:40:29 下午 io.github.yedaxia.apidocs.LogUtils info
信息: info: find controller file : ShoppingCartContoller.java
八月 04, 2020 4:40:29 下午 io.github.yedaxia.apidocs.LogUtils info
信息: info: find controller file : UserAddressController.java
八月 04, 2020 4:40:29 下午 io.github.yedaxia.apidocs.LogUtils info
信息: info: start to parse controller file : GoodsContoller.java
八月 04, 2020 4:40:29 下午 io.github.yedaxia.apidocs.LogUtils info
信息: info: success to parse controller file : GoodsContoller.java
八月 04, 2020 4:40:29 下午 io.github.yedaxia.apidocs.LogUtils info
信息: info: start to parse controller file : HomeController.java
八月 04, 2020 4:40:29 下午 io.github.yedaxia.apidocs.LogUtils info
信息: info: success to parse controller file : HomeController.java
八月 04, 2020 4:40:29 下午 io.github.yedaxia.apidocs.LogUtils info
信息: info: start to parse controller file : KillGoodsContoller.java
八月 04, 2020 4:40:30 下午 io.github.yedaxia.apidocs.LogUtils info
信息: info: success to parse controller file : KillGoodsContoller.java
八月 04, 2020 4:40:30 下午 io.github.yedaxia.apidocs.LogUtils info
信息: info: start to parse controller file : OrderController.java
八月 04, 2020 4:40:30 下午 io.github.yedaxia.apidocs.LogUtils info
信息: info: success to parse controller file : OrderController.java
八月 04, 2020 4:40:30 下午 io.github.yedaxia.apidocs.LogUtils info
信息: info: start to parse controller file : PayController.java
八月 04, 2020 4:40:30 下午 io.github.yedaxia.apidocs.LogUtils info
信息: info: success to parse controller file : PayController.java
八月 04, 2020 4:40:30 下午 io.github.yedaxia.apidocs.LogUtils info
信息: info: start to parse controller file : SearchController.java
八月 04, 2020 4:40:30 下午 io.github.yedaxia.apidocs.LogUtils info
信息: info: success to parse controller file : SearchController.java
八月 04, 2020 4:40:30 下午 io.github.yedaxia.apidocs.LogUtils info
信息: info: start to parse controller file : ShoppingCartContoller.java
八月 04, 2020 4:40:30 下午 io.github.yedaxia.apidocs.LogUtils info
信息: info: success to parse controller file : ShoppingCartContoller.java
八月 04, 2020 4:40:30 下午 io.github.yedaxia.apidocs.LogUtils info
信息: info: start to parse controller file : UserAddressController.java
八月 04, 2020 4:40:30 下午 io.github.yedaxia.apidocs.LogUtils info
信息: info: success to parse controller file : UserAddressController.java
八月 04, 2020 4:40:30 下午 io.github.yedaxia.apidocs.LogUtils info
信息: info: generate api docs start...
八月 04, 2020 4:40:30 下午 io.github.yedaxia.apidocs.LogUtils info
信息: info: start to generate docs for controller file : F:\xiangxueedu\project\mall-springcloud\mall-web-order\src\main\java\cn\enjoy\mall\web\controller\GoodsContoller.java
八月 04, 2020 4:40:30 下午 io.github.yedaxia.apidocs.LogUtils info
信息: info: success to generate docs for controller file : F:\xiangxueedu\project\mall-springcloud\mall-web-order\src\main\java\cn\enjoy\mall\web\controller\GoodsContoller.java
八月 04, 2020 4:40:30 下午 io.github.yedaxia.apidocs.LogUtils info
信息: info: start to generate docs for controller file : F:\xiangxueedu\project\mall-springcloud\mall-web-order\src\main\java\cn\enjoy\mall\web\controller\HomeController.java
八月 04, 2020 4:40:30 下午 io.github.yedaxia.apidocs.LogUtils info
信息: info: success to generate docs for controller file : F:\xiangxueedu\project\mall-springcloud\mall-web-order\src\main\java\cn\enjoy\mall\web\controller\HomeController.java
八月 04, 2020 4:40:30 下午 io.github.yedaxia.apidocs.LogUtils info
信息: info: start to generate docs for controller file : F:\xiangxueedu\project\mall-springcloud\mall-web-order\src\main\java\cn\enjoy\mall\web\controller\KillGoodsContoller.java
八月 04, 2020 4:40:30 下午 io.github.yedaxia.apidocs.LogUtils info
信息: info: success to generate docs for controller file : F:\xiangxueedu\project\mall-springcloud\mall-web-order\src\main\java\cn\enjoy\mall\web\controller\KillGoodsContoller.java
八月 04, 2020 4:40:30 下午 io.github.yedaxia.apidocs.LogUtils info
信息: info: start to generate docs for controller file : F:\xiangxueedu\project\mall-springcloud\mall-web-order\src\main\java\cn\enjoy\mall\web\controller\OrderController.java
八月 04, 2020 4:40:30 下午 io.github.yedaxia.apidocs.LogUtils info
信息: info: success to generate docs for controller file : F:\xiangxueedu\project\mall-springcloud\mall-web-order\src\main\java\cn\enjoy\mall\web\controller\OrderController.java
八月 04, 2020 4:40:30 下午 io.github.yedaxia.apidocs.LogUtils info
信息: info: start to generate docs for controller file : F:\xiangxueedu\project\mall-springcloud\mall-web-order\src\main\java\cn\enjoy\mall\web\controller\PayController.java
八月 04, 2020 4:40:30 下午 io.github.yedaxia.apidocs.LogUtils info
信息: info: success to generate docs for controller file : F:\xiangxueedu\project\mall-springcloud\mall-web-order\src\main\java\cn\enjoy\mall\web\controller\PayController.java
八月 04, 2020 4:40:30 下午 io.github.yedaxia.apidocs.LogUtils info
信息: info: start to generate docs for controller file : F:\xiangxueedu\project\mall-springcloud\mall-web-order\src\main\java\cn\enjoy\mall\web\controller\SearchController.java
八月 04, 2020 4:40:30 下午 io.github.yedaxia.apidocs.LogUtils info
信息: info: success to generate docs for controller file : F:\xiangxueedu\project\mall-springcloud\mall-web-order\src\main\java\cn\enjoy\mall\web\controller\SearchController.java
八月 04, 2020 4:40:30 下午 io.github.yedaxia.apidocs.LogUtils info
信息: info: start to generate docs for controller file : F:\xiangxueedu\project\mall-springcloud\mall-web-order\src\main\java\cn\enjoy\mall\web\controller\ShoppingCartContoller.java
八月 04, 2020 4:40:30 下午 io.github.yedaxia.apidocs.LogUtils info
信息: info: success to generate docs for controller file : F:\xiangxueedu\project\mall-springcloud\mall-web-order\src\main\java\cn\enjoy\mall\web\controller\ShoppingCartContoller.java
八月 04, 2020 4:40:30 下午 io.github.yedaxia.apidocs.LogUtils info
信息: info: start to generate docs for controller file : F:\xiangxueedu\project\mall-springcloud\mall-web-order\src\main\java\cn\enjoy\mall\web\controller\UserAddressController.java
八月 04, 2020 4:40:30 下午 io.github.yedaxia.apidocs.LogUtils info
信息: info: success to generate docs for controller file : F:\xiangxueedu\project\mall-springcloud\mall-web-order\src\main\java\cn\enjoy\mall\web\controller\UserAddressController.java
八月 04, 2020 4:40:30 下午 io.github.yedaxia.apidocs.LogUtils info
信息: info: generate index start !!!
八月 04, 2020 4:40:30 下午 io.github.yedaxia.apidocs.LogUtils info
信息: info: generate index done !!!
八月 04, 2020 4:40:30 下午 io.github.yedaxia.apidocs.LogUtils info
信息: info: generate api docs done !!!
