九月 08, 2020 9:16:47 下午 io.github.yedaxia.apidocs.LogUtils info
信息: info: find java src paths:  [F:\xiangxueedu\project\mall-springcloud\mall-pay\src\main\java\]
九月 08, 2020 9:16:47 下午 io.github.yedaxia.apidocs.LogUtils info
信息: info: found it a SPRING project, tell us if we are wrong.
九月 08, 2020 9:16:47 下午 io.github.yedaxia.apidocs.LogUtils info
信息: info: start find controllers in path : F:\xiangxueedu\project\mall-springcloud\mall-pay\src\main\java\
九月 08, 2020 9:16:47 下午 io.github.yedaxia.apidocs.LogUtils info
信息: info: find controller file : NotifyController.java
九月 08, 2020 9:16:47 下午 io.github.yedaxia.apidocs.LogUtils info
信息: info: find controller file : WxPayServiceImpl.java
九月 08, 2020 9:16:48 下午 io.github.yedaxia.apidocs.LogUtils info
信息: info: start to parse controller file : NotifyController.java
九月 08, 2020 9:16:48 下午 io.github.yedaxia.apidocs.LogUtils info
信息: info: success to parse controller file : NotifyController.java
九月 08, 2020 9:16:48 下午 io.github.yedaxia.apidocs.LogUtils info
信息: info: start to parse controller file : WxPayServiceImpl.java
九月 08, 2020 9:16:48 下午 io.github.yedaxia.apidocs.LogUtils info
信息: info: success to parse controller file : WxPayServiceImpl.java
九月 08, 2020 9:16:48 下午 io.github.yedaxia.apidocs.LogUtils info
信息: info: generate api docs start...
九月 08, 2020 9:16:48 下午 io.github.yedaxia.apidocs.LogUtils info
信息: info: start to generate docs for controller file : F:\xiangxueedu\project\mall-springcloud\mall-pay\src\main\java\cn\enjoy\mall\NotifyController.java
九月 08, 2020 9:16:48 下午 io.github.yedaxia.apidocs.LogUtils info
信息: info: success to generate docs for controller file : F:\xiangxueedu\project\mall-springcloud\mall-pay\src\main\java\cn\enjoy\mall\NotifyController.java
九月 08, 2020 9:16:48 下午 io.github.yedaxia.apidocs.LogUtils info
信息: info: start to generate docs for controller file : F:\xiangxueedu\project\mall-springcloud\mall-pay\src\main\java\cn\enjoy\mall\WxPayServiceImpl.java
九月 08, 2020 9:16:48 下午 io.github.yedaxia.apidocs.LogUtils info
信息: info: success to generate docs for controller file : F:\xiangxueedu\project\mall-springcloud\mall-pay\src\main\java\cn\enjoy\mall\WxPayServiceImpl.java
九月 08, 2020 9:16:48 下午 io.github.yedaxia.apidocs.LogUtils info
信息: info: generate index start !!!
九月 08, 2020 9:16:48 下午 io.github.yedaxia.apidocs.LogUtils info
信息: info: generate index done !!!
九月 08, 2020 9:16:48 下午 io.github.yedaxia.apidocs.LogUtils info
信息: info: generate api docs done !!!
