九月 08, 2020 10:28:52 下午 io.github.yedaxia.apidocs.LogUtils info
信息: info: find java src paths:  [F:\xiangxueedu\project\mall-springcloud\mall-kill\src\main\java\]
九月 08, 2020 10:28:52 下午 io.github.yedaxia.apidocs.LogUtils info
信息: info: found it a SPRING project, tell us if we are wrong.
九月 08, 2020 10:28:52 下午 io.github.yedaxia.apidocs.LogUtils info
信息: info: start find controllers in path : F:\xiangxueedu\project\mall-springcloud\mall-kill\src\main\java\
九月 08, 2020 10:28:52 下午 io.github.yedaxia.apidocs.LogUtils info
信息: info: find controller file : KillPayServiceImpl.java
九月 08, 2020 10:28:52 下午 io.github.yedaxia.apidocs.LogUtils info
信息: info: find controller file : OrderActionServiceImpl.java
九月 08, 2020 10:28:52 下午 io.github.yedaxia.apidocs.LogUtils info
信息: info: find controller file : OrderServiceImpl.java
九月 08, 2020 10:28:52 下午 io.github.yedaxia.apidocs.LogUtils info
信息: info: start to parse controller file : KillPayServiceImpl.java
九月 08, 2020 10:28:53 下午 io.github.yedaxia.apidocs.LogUtils info
信息: info: success to parse controller file : KillPayServiceImpl.java
九月 08, 2020 10:28:53 下午 io.github.yedaxia.apidocs.LogUtils info
信息: info: start to parse controller file : OrderActionServiceImpl.java
九月 08, 2020 10:28:53 下午 io.github.yedaxia.apidocs.LogUtils info
信息: info: success to parse controller file : OrderActionServiceImpl.java
九月 08, 2020 10:28:53 下午 io.github.yedaxia.apidocs.LogUtils info
信息: info: start to parse controller file : OrderServiceImpl.java
九月 08, 2020 10:28:53 下午 io.github.yedaxia.apidocs.LogUtils info
信息: info: success to parse controller file : OrderServiceImpl.java
九月 08, 2020 10:28:53 下午 io.github.yedaxia.apidocs.LogUtils info
信息: info: generate api docs start...
九月 08, 2020 10:28:53 下午 io.github.yedaxia.apidocs.LogUtils info
信息: info: start to generate docs for controller file : F:\xiangxueedu\project\mall-springcloud\mall-kill\src\main\java\cn\enjoy\kill\service\impl\KillPayServiceImpl.java
九月 08, 2020 10:28:54 下午 io.github.yedaxia.apidocs.LogUtils info
信息: info: success to generate docs for controller file : F:\xiangxueedu\project\mall-springcloud\mall-kill\src\main\java\cn\enjoy\kill\service\impl\KillPayServiceImpl.java
九月 08, 2020 10:28:54 下午 io.github.yedaxia.apidocs.LogUtils info
信息: info: start to generate docs for controller file : F:\xiangxueedu\project\mall-springcloud\mall-kill\src\main\java\cn\enjoy\kill\service\impl\OrderActionServiceImpl.java
九月 08, 2020 10:28:54 下午 io.github.yedaxia.apidocs.LogUtils info
信息: info: success to generate docs for controller file : F:\xiangxueedu\project\mall-springcloud\mall-kill\src\main\java\cn\enjoy\kill\service\impl\OrderActionServiceImpl.java
九月 08, 2020 10:28:54 下午 io.github.yedaxia.apidocs.LogUtils info
信息: info: start to generate docs for controller file : F:\xiangxueedu\project\mall-springcloud\mall-kill\src\main\java\cn\enjoy\kill\service\impl\OrderServiceImpl.java
九月 08, 2020 10:28:54 下午 io.github.yedaxia.apidocs.LogUtils info
信息: info: success to generate docs for controller file : F:\xiangxueedu\project\mall-springcloud\mall-kill\src\main\java\cn\enjoy\kill\service\impl\OrderServiceImpl.java
九月 08, 2020 10:28:54 下午 io.github.yedaxia.apidocs.LogUtils info
信息: info: generate index start !!!
九月 08, 2020 10:28:54 下午 io.github.yedaxia.apidocs.LogUtils info
信息: info: generate index done !!!
九月 08, 2020 10:28:54 下午 io.github.yedaxia.apidocs.LogUtils info
信息: info: generate api docs done !!!
