九月 08, 2020 10:02:55 下午 io.github.yedaxia.apidocs.LogUtils info
信息: info: find java src paths:  [F:\xiangxueedu\project\mall-springcloud\mall-order-service\src\main\java\]
九月 08, 2020 10:02:55 下午 io.github.yedaxia.apidocs.LogUtils info
信息: info: found it a SPRING project, tell us if we are wrong.
九月 08, 2020 10:02:55 下午 io.github.yedaxia.apidocs.LogUtils info
信息: info: start find controllers in path : F:\xiangxueedu\project\mall-springcloud\mall-order-service\src\main\java\
九月 08, 2020 10:02:55 下午 io.github.yedaxia.apidocs.LogUtils info
信息: info: find controller file : OrderActionServiceImpl.java
九月 08, 2020 10:02:55 下午 io.github.yedaxia.apidocs.LogUtils info
信息: info: find controller file : OrderServiceImpl.java
九月 08, 2020 10:02:55 下午 io.github.yedaxia.apidocs.LogUtils info
信息: info: find controller file : PayServiceImpl.java
九月 08, 2020 10:02:55 下午 io.github.yedaxia.apidocs.LogUtils info
信息: info: find controller file : ShoppingCartServiceImpl.java
九月 08, 2020 10:02:55 下午 io.github.yedaxia.apidocs.LogUtils info
信息: info: find controller file : DeleveryServiceImpl.java
九月 08, 2020 10:02:55 下午 io.github.yedaxia.apidocs.LogUtils info
信息: info: find controller file : OrderManageServiceImpl.java
九月 08, 2020 10:02:55 下午 io.github.yedaxia.apidocs.LogUtils info
信息: info: find controller file : ShippingServiceImpl.java
九月 08, 2020 10:02:55 下午 io.github.yedaxia.apidocs.LogUtils info
信息: info: start to parse controller file : OrderActionServiceImpl.java
九月 08, 2020 10:02:55 下午 io.github.yedaxia.apidocs.LogUtils info
信息: info: success to parse controller file : OrderActionServiceImpl.java
九月 08, 2020 10:02:55 下午 io.github.yedaxia.apidocs.LogUtils info
信息: info: start to parse controller file : OrderServiceImpl.java
九月 08, 2020 10:02:56 下午 io.github.yedaxia.apidocs.LogUtils info
信息: info: success to parse controller file : OrderServiceImpl.java
九月 08, 2020 10:02:56 下午 io.github.yedaxia.apidocs.LogUtils info
信息: info: start to parse controller file : PayServiceImpl.java
九月 08, 2020 10:02:56 下午 io.github.yedaxia.apidocs.LogUtils info
信息: info: success to parse controller file : PayServiceImpl.java
九月 08, 2020 10:02:56 下午 io.github.yedaxia.apidocs.LogUtils info
信息: info: start to parse controller file : ShoppingCartServiceImpl.java
九月 08, 2020 10:02:56 下午 io.github.yedaxia.apidocs.LogUtils info
信息: info: success to parse controller file : ShoppingCartServiceImpl.java
九月 08, 2020 10:02:56 下午 io.github.yedaxia.apidocs.LogUtils info
信息: info: start to parse controller file : DeleveryServiceImpl.java
九月 08, 2020 10:02:56 下午 io.github.yedaxia.apidocs.LogUtils info
信息: info: success to parse controller file : DeleveryServiceImpl.java
九月 08, 2020 10:02:56 下午 io.github.yedaxia.apidocs.LogUtils info
信息: info: start to parse controller file : OrderManageServiceImpl.java
九月 08, 2020 10:02:56 下午 io.github.yedaxia.apidocs.LogUtils info
信息: info: success to parse controller file : OrderManageServiceImpl.java
九月 08, 2020 10:02:56 下午 io.github.yedaxia.apidocs.LogUtils info
信息: info: start to parse controller file : ShippingServiceImpl.java
九月 08, 2020 10:02:56 下午 io.github.yedaxia.apidocs.LogUtils info
信息: info: success to parse controller file : ShippingServiceImpl.java
九月 08, 2020 10:02:56 下午 io.github.yedaxia.apidocs.LogUtils info
信息: info: generate api docs start...
九月 08, 2020 10:02:56 下午 io.github.yedaxia.apidocs.LogUtils info
信息: info: start to generate docs for controller file : F:\xiangxueedu\project\mall-springcloud\mall-order-service\src\main\java\cn\enjoy\mall\service\impl\OrderActionServiceImpl.java
九月 08, 2020 10:02:56 下午 io.github.yedaxia.apidocs.LogUtils info
信息: info: success to generate docs for controller file : F:\xiangxueedu\project\mall-springcloud\mall-order-service\src\main\java\cn\enjoy\mall\service\impl\OrderActionServiceImpl.java
九月 08, 2020 10:02:56 下午 io.github.yedaxia.apidocs.LogUtils info
信息: info: start to generate docs for controller file : F:\xiangxueedu\project\mall-springcloud\mall-order-service\src\main\java\cn\enjoy\mall\service\impl\OrderServiceImpl.java
九月 08, 2020 10:02:56 下午 io.github.yedaxia.apidocs.LogUtils info
信息: info: success to generate docs for controller file : F:\xiangxueedu\project\mall-springcloud\mall-order-service\src\main\java\cn\enjoy\mall\service\impl\OrderServiceImpl.java
九月 08, 2020 10:02:56 下午 io.github.yedaxia.apidocs.LogUtils info
信息: info: start to generate docs for controller file : F:\xiangxueedu\project\mall-springcloud\mall-order-service\src\main\java\cn\enjoy\mall\service\impl\PayServiceImpl.java
九月 08, 2020 10:02:56 下午 io.github.yedaxia.apidocs.LogUtils info
信息: info: success to generate docs for controller file : F:\xiangxueedu\project\mall-springcloud\mall-order-service\src\main\java\cn\enjoy\mall\service\impl\PayServiceImpl.java
九月 08, 2020 10:02:56 下午 io.github.yedaxia.apidocs.LogUtils info
信息: info: start to generate docs for controller file : F:\xiangxueedu\project\mall-springcloud\mall-order-service\src\main\java\cn\enjoy\mall\service\impl\ShoppingCartServiceImpl.java
九月 08, 2020 10:02:56 下午 io.github.yedaxia.apidocs.LogUtils info
信息: info: success to generate docs for controller file : F:\xiangxueedu\project\mall-springcloud\mall-order-service\src\main\java\cn\enjoy\mall\service\impl\ShoppingCartServiceImpl.java
九月 08, 2020 10:02:56 下午 io.github.yedaxia.apidocs.LogUtils info
信息: info: start to generate docs for controller file : F:\xiangxueedu\project\mall-springcloud\mall-order-service\src\main\java\cn\enjoy\mall\service\impl\manage\DeleveryServiceImpl.java
九月 08, 2020 10:02:56 下午 io.github.yedaxia.apidocs.LogUtils info
信息: info: success to generate docs for controller file : F:\xiangxueedu\project\mall-springcloud\mall-order-service\src\main\java\cn\enjoy\mall\service\impl\manage\DeleveryServiceImpl.java
九月 08, 2020 10:02:56 下午 io.github.yedaxia.apidocs.LogUtils info
信息: info: start to generate docs for controller file : F:\xiangxueedu\project\mall-springcloud\mall-order-service\src\main\java\cn\enjoy\mall\service\impl\manage\OrderManageServiceImpl.java
九月 08, 2020 10:02:56 下午 io.github.yedaxia.apidocs.LogUtils info
信息: info: success to generate docs for controller file : F:\xiangxueedu\project\mall-springcloud\mall-order-service\src\main\java\cn\enjoy\mall\service\impl\manage\OrderManageServiceImpl.java
九月 08, 2020 10:02:56 下午 io.github.yedaxia.apidocs.LogUtils info
信息: info: start to generate docs for controller file : F:\xiangxueedu\project\mall-springcloud\mall-order-service\src\main\java\cn\enjoy\mall\service\impl\manage\ShippingServiceImpl.java
九月 08, 2020 10:02:56 下午 io.github.yedaxia.apidocs.LogUtils info
信息: info: success to generate docs for controller file : F:\xiangxueedu\project\mall-springcloud\mall-order-service\src\main\java\cn\enjoy\mall\service\impl\manage\ShippingServiceImpl.java
九月 08, 2020 10:02:56 下午 io.github.yedaxia.apidocs.LogUtils info
信息: info: generate index start !!!
九月 08, 2020 10:02:56 下午 io.github.yedaxia.apidocs.LogUtils info
信息: info: generate index done !!!
九月 08, 2020 10:02:56 下午 io.github.yedaxia.apidocs.LogUtils info
信息: info: generate api docs done !!!
