九月 08, 2020 3:49:02 下午 io.github.yedaxia.apidocs.LogUtils info
信息: info: find java src paths:  [F:\xiangxueedu\project\mall-springcloud\mall-web\src\main\java\]
九月 08, 2020 3:49:02 下午 io.github.yedaxia.apidocs.LogUtils info
信息: info: project type not set, try to figure out...
九月 08, 2020 3:49:02 下午 io.github.yedaxia.apidocs.LogUtils info
信息: info: start find controllers in path : F:\xiangxueedu\project\mall-springcloud\mall-web\src\main\java\
九月 08, 2020 3:49:02 下午 io.github.yedaxia.apidocs.LogUtils info
信息: info: find controller file : CommonController.java
九月 08, 2020 3:49:02 下午 io.github.yedaxia.apidocs.LogUtils info
信息: info: find controller file : DictController.java
九月 08, 2020 3:49:02 下午 io.github.yedaxia.apidocs.LogUtils info
信息: info: find controller file : DictTypeController.java
九月 08, 2020 3:49:02 下午 io.github.yedaxia.apidocs.LogUtils info
信息: info: find controller file : LoginController.java
九月 08, 2020 3:49:02 下午 io.github.yedaxia.apidocs.LogUtils info
信息: info: find controller file : PersonalController.java
九月 08, 2020 3:49:02 下午 io.github.yedaxia.apidocs.LogUtils info
信息: info: find controller file : ResourceController.java
九月 08, 2020 3:49:02 下午 io.github.yedaxia.apidocs.LogUtils info
信息: info: find controller file : RoleController.java
九月 08, 2020 3:49:02 下午 io.github.yedaxia.apidocs.LogUtils info
信息: info: find controller file : SystemController.java
九月 08, 2020 3:49:02 下午 io.github.yedaxia.apidocs.LogUtils info
信息: info: find controller file : TestController.java
九月 08, 2020 3:49:02 下午 io.github.yedaxia.apidocs.LogUtils info
信息: info: find controller file : UserController.java
九月 08, 2020 3:49:02 下午 io.github.yedaxia.apidocs.LogUtils info
信息: info: start to parse controller file : CommonController.java
九月 08, 2020 3:49:02 下午 io.github.yedaxia.apidocs.LogUtils info
信息: info: success to parse controller file : CommonController.java
九月 08, 2020 3:49:02 下午 io.github.yedaxia.apidocs.LogUtils info
信息: info: start to parse controller file : DictController.java
九月 08, 2020 3:49:02 下午 io.github.yedaxia.apidocs.LogUtils info
信息: info: success to parse controller file : DictController.java
九月 08, 2020 3:49:02 下午 io.github.yedaxia.apidocs.LogUtils info
信息: info: start to parse controller file : DictTypeController.java
九月 08, 2020 3:49:02 下午 io.github.yedaxia.apidocs.LogUtils info
信息: info: success to parse controller file : DictTypeController.java
九月 08, 2020 3:49:02 下午 io.github.yedaxia.apidocs.LogUtils info
信息: info: start to parse controller file : LoginController.java
九月 08, 2020 3:49:02 下午 io.github.yedaxia.apidocs.LogUtils info
信息: info: success to parse controller file : LoginController.java
九月 08, 2020 3:49:02 下午 io.github.yedaxia.apidocs.LogUtils info
信息: info: start to parse controller file : PersonalController.java
九月 08, 2020 3:49:02 下午 io.github.yedaxia.apidocs.LogUtils info
信息: info: success to parse controller file : PersonalController.java
九月 08, 2020 3:49:02 下午 io.github.yedaxia.apidocs.LogUtils info
信息: info: start to parse controller file : ResourceController.java
九月 08, 2020 3:49:03 下午 io.github.yedaxia.apidocs.LogUtils info
信息: info: success to parse controller file : ResourceController.java
九月 08, 2020 3:49:03 下午 io.github.yedaxia.apidocs.LogUtils info
信息: info: start to parse controller file : RoleController.java
九月 08, 2020 3:49:03 下午 io.github.yedaxia.apidocs.LogUtils info
信息: info: success to parse controller file : RoleController.java
九月 08, 2020 3:49:03 下午 io.github.yedaxia.apidocs.LogUtils info
信息: info: start to parse controller file : SystemController.java
九月 08, 2020 3:49:03 下午 io.github.yedaxia.apidocs.LogUtils info
信息: info: success to parse controller file : SystemController.java
九月 08, 2020 3:49:03 下午 io.github.yedaxia.apidocs.LogUtils info
信息: info: start to parse controller file : TestController.java
九月 08, 2020 3:49:03 下午 io.github.yedaxia.apidocs.LogUtils info
信息: info: success to parse controller file : TestController.java
九月 08, 2020 3:49:03 下午 io.github.yedaxia.apidocs.LogUtils info
信息: info: start to parse controller file : UserController.java
九月 08, 2020 3:49:03 下午 io.github.yedaxia.apidocs.LogUtils info
信息: info: success to parse controller file : UserController.java
九月 08, 2020 3:49:03 下午 io.github.yedaxia.apidocs.LogUtils info
信息: info: generate api docs start...
九月 08, 2020 3:49:03 下午 io.github.yedaxia.apidocs.LogUtils info
信息: info: start to generate docs for controller file : F:\xiangxueedu\project\mall-springcloud\mall-web\src\main\java\cn\enjoy\sys\controller\CommonController.java
九月 08, 2020 3:49:03 下午 io.github.yedaxia.apidocs.LogUtils info
信息: info: success to generate docs for controller file : F:\xiangxueedu\project\mall-springcloud\mall-web\src\main\java\cn\enjoy\sys\controller\CommonController.java
九月 08, 2020 3:49:03 下午 io.github.yedaxia.apidocs.LogUtils info
信息: info: start to generate docs for controller file : F:\xiangxueedu\project\mall-springcloud\mall-web\src\main\java\cn\enjoy\sys\controller\DictController.java
九月 08, 2020 3:49:03 下午 io.github.yedaxia.apidocs.LogUtils info
信息: info: success to generate docs for controller file : F:\xiangxueedu\project\mall-springcloud\mall-web\src\main\java\cn\enjoy\sys\controller\DictController.java
九月 08, 2020 3:49:03 下午 io.github.yedaxia.apidocs.LogUtils info
信息: info: start to generate docs for controller file : F:\xiangxueedu\project\mall-springcloud\mall-web\src\main\java\cn\enjoy\sys\controller\DictTypeController.java
九月 08, 2020 3:49:03 下午 io.github.yedaxia.apidocs.LogUtils info
信息: info: success to generate docs for controller file : F:\xiangxueedu\project\mall-springcloud\mall-web\src\main\java\cn\enjoy\sys\controller\DictTypeController.java
九月 08, 2020 3:49:03 下午 io.github.yedaxia.apidocs.LogUtils info
信息: info: start to generate docs for controller file : F:\xiangxueedu\project\mall-springcloud\mall-web\src\main\java\cn\enjoy\sys\controller\LoginController.java
九月 08, 2020 3:49:03 下午 io.github.yedaxia.apidocs.LogUtils info
信息: info: success to generate docs for controller file : F:\xiangxueedu\project\mall-springcloud\mall-web\src\main\java\cn\enjoy\sys\controller\LoginController.java
九月 08, 2020 3:49:03 下午 io.github.yedaxia.apidocs.LogUtils info
信息: info: start to generate docs for controller file : F:\xiangxueedu\project\mall-springcloud\mall-web\src\main\java\cn\enjoy\sys\controller\PersonalController.java
九月 08, 2020 3:49:03 下午 io.github.yedaxia.apidocs.LogUtils info
信息: info: success to generate docs for controller file : F:\xiangxueedu\project\mall-springcloud\mall-web\src\main\java\cn\enjoy\sys\controller\PersonalController.java
九月 08, 2020 3:49:03 下午 io.github.yedaxia.apidocs.LogUtils info
信息: info: start to generate docs for controller file : F:\xiangxueedu\project\mall-springcloud\mall-web\src\main\java\cn\enjoy\sys\controller\ResourceController.java
九月 08, 2020 3:49:03 下午 io.github.yedaxia.apidocs.LogUtils info
信息: info: success to generate docs for controller file : F:\xiangxueedu\project\mall-springcloud\mall-web\src\main\java\cn\enjoy\sys\controller\ResourceController.java
九月 08, 2020 3:49:03 下午 io.github.yedaxia.apidocs.LogUtils info
信息: info: start to generate docs for controller file : F:\xiangxueedu\project\mall-springcloud\mall-web\src\main\java\cn\enjoy\sys\controller\RoleController.java
九月 08, 2020 3:49:03 下午 io.github.yedaxia.apidocs.LogUtils info
信息: info: success to generate docs for controller file : F:\xiangxueedu\project\mall-springcloud\mall-web\src\main\java\cn\enjoy\sys\controller\RoleController.java
九月 08, 2020 3:49:03 下午 io.github.yedaxia.apidocs.LogUtils info
信息: info: start to generate docs for controller file : F:\xiangxueedu\project\mall-springcloud\mall-web\src\main\java\cn\enjoy\sys\controller\SystemController.java
九月 08, 2020 3:49:03 下午 io.github.yedaxia.apidocs.LogUtils info
信息: info: success to generate docs for controller file : F:\xiangxueedu\project\mall-springcloud\mall-web\src\main\java\cn\enjoy\sys\controller\SystemController.java
九月 08, 2020 3:49:03 下午 io.github.yedaxia.apidocs.LogUtils info
信息: info: start to generate docs for controller file : F:\xiangxueedu\project\mall-springcloud\mall-web\src\main\java\cn\enjoy\sys\controller\TestController.java
九月 08, 2020 3:49:03 下午 io.github.yedaxia.apidocs.LogUtils info
信息: info: success to generate docs for controller file : F:\xiangxueedu\project\mall-springcloud\mall-web\src\main\java\cn\enjoy\sys\controller\TestController.java
九月 08, 2020 3:49:03 下午 io.github.yedaxia.apidocs.LogUtils info
信息: info: start to generate docs for controller file : F:\xiangxueedu\project\mall-springcloud\mall-web\src\main\java\cn\enjoy\sys\controller\UserController.java
九月 08, 2020 3:49:03 下午 io.github.yedaxia.apidocs.LogUtils info
信息: info: success to generate docs for controller file : F:\xiangxueedu\project\mall-springcloud\mall-web\src\main\java\cn\enjoy\sys\controller\UserController.java
九月 08, 2020 3:49:03 下午 io.github.yedaxia.apidocs.LogUtils info
信息: info: generate index start !!!
九月 08, 2020 3:49:04 下午 io.github.yedaxia.apidocs.LogUtils info
信息: info: generate index done !!!
九月 08, 2020 3:49:04 下午 io.github.yedaxia.apidocs.LogUtils info
信息: info: generate api docs done !!!
