九月 08, 2020 9:05:55 下午 io.github.yedaxia.apidocs.LogUtils info
信息: info: find java src paths:  [F:\xiangxueedu\project\mall-springcloud\mall-product-service\src\main\java\]
九月 08, 2020 9:05:55 下午 io.github.yedaxia.apidocs.LogUtils info
信息: info: found it a SPRING project, tell us if we are wrong.
九月 08, 2020 9:05:55 下午 io.github.yedaxia.apidocs.LogUtils info
信息: info: start find controllers in path : F:\xiangxueedu\project\mall-springcloud\mall-product-service\src\main\java\
九月 08, 2020 9:05:55 下午 io.github.yedaxia.apidocs.LogUtils info
信息: info: find controller file : GoodsCategoryServiceImpl.java
九月 08, 2020 9:05:55 下午 io.github.yedaxia.apidocs.LogUtils info
信息: info: find controller file : GoodsServiceImpl.java
九月 08, 2020 9:05:55 下午 io.github.yedaxia.apidocs.LogUtils info
信息: info: find controller file : AttributeManageServiceImpl.java
九月 08, 2020 9:05:55 下午 io.github.yedaxia.apidocs.LogUtils info
信息: info: find controller file : BrandServiceImpl.java
九月 08, 2020 9:05:55 下午 io.github.yedaxia.apidocs.LogUtils info
信息: info: find controller file : CategoryManageServiceImpl.java
九月 08, 2020 9:05:55 下午 io.github.yedaxia.apidocs.LogUtils info
信息: info: find controller file : GoodsSpecManageServiceImpl.java
九月 08, 2020 9:05:55 下午 io.github.yedaxia.apidocs.LogUtils info
信息: info: find controller file : GoodsTypeManageServiceImpl.java
九月 08, 2020 9:05:55 下午 io.github.yedaxia.apidocs.LogUtils info
信息: info: find controller file : KillGoodsManageServiceImpl.java
九月 08, 2020 9:05:55 下午 io.github.yedaxia.apidocs.LogUtils info
信息: info: start to parse controller file : GoodsCategoryServiceImpl.java
九月 08, 2020 9:05:56 下午 io.github.yedaxia.apidocs.LogUtils info
信息: info: success to parse controller file : GoodsCategoryServiceImpl.java
九月 08, 2020 9:05:56 下午 io.github.yedaxia.apidocs.LogUtils info
信息: info: start to parse controller file : GoodsServiceImpl.java
九月 08, 2020 9:05:58 下午 io.github.yedaxia.apidocs.LogUtils info
信息: info: success to parse controller file : GoodsServiceImpl.java
九月 08, 2020 9:05:58 下午 io.github.yedaxia.apidocs.LogUtils info
信息: info: start to parse controller file : AttributeManageServiceImpl.java
九月 08, 2020 9:05:58 下午 io.github.yedaxia.apidocs.LogUtils info
信息: info: success to parse controller file : AttributeManageServiceImpl.java
九月 08, 2020 9:05:58 下午 io.github.yedaxia.apidocs.LogUtils info
信息: info: start to parse controller file : BrandServiceImpl.java
九月 08, 2020 9:05:58 下午 io.github.yedaxia.apidocs.LogUtils info
信息: info: success to parse controller file : BrandServiceImpl.java
九月 08, 2020 9:05:58 下午 io.github.yedaxia.apidocs.LogUtils info
信息: info: start to parse controller file : CategoryManageServiceImpl.java
九月 08, 2020 9:05:58 下午 io.github.yedaxia.apidocs.LogUtils info
信息: info: success to parse controller file : CategoryManageServiceImpl.java
九月 08, 2020 9:05:58 下午 io.github.yedaxia.apidocs.LogUtils info
信息: info: start to parse controller file : GoodsSpecManageServiceImpl.java
九月 08, 2020 9:05:58 下午 io.github.yedaxia.apidocs.LogUtils info
信息: info: success to parse controller file : GoodsSpecManageServiceImpl.java
九月 08, 2020 9:05:58 下午 io.github.yedaxia.apidocs.LogUtils info
信息: info: start to parse controller file : GoodsTypeManageServiceImpl.java
九月 08, 2020 9:05:58 下午 io.github.yedaxia.apidocs.LogUtils info
信息: info: success to parse controller file : GoodsTypeManageServiceImpl.java
九月 08, 2020 9:05:58 下午 io.github.yedaxia.apidocs.LogUtils info
信息: info: start to parse controller file : KillGoodsManageServiceImpl.java
九月 08, 2020 9:05:58 下午 io.github.yedaxia.apidocs.LogUtils info
信息: info: success to parse controller file : KillGoodsManageServiceImpl.java
九月 08, 2020 9:05:58 下午 io.github.yedaxia.apidocs.LogUtils info
信息: info: generate api docs start...
九月 08, 2020 9:05:58 下午 io.github.yedaxia.apidocs.LogUtils info
信息: info: start to generate docs for controller file : F:\xiangxueedu\project\mall-springcloud\mall-product-service\src\main\java\cn\enjoy\mall\service\impl\GoodsCategoryServiceImpl.java
九月 08, 2020 9:05:58 下午 io.github.yedaxia.apidocs.LogUtils info
信息: info: success to generate docs for controller file : F:\xiangxueedu\project\mall-springcloud\mall-product-service\src\main\java\cn\enjoy\mall\service\impl\GoodsCategoryServiceImpl.java
九月 08, 2020 9:05:58 下午 io.github.yedaxia.apidocs.LogUtils info
信息: info: start to generate docs for controller file : F:\xiangxueedu\project\mall-springcloud\mall-product-service\src\main\java\cn\enjoy\mall\service\impl\GoodsServiceImpl.java
九月 08, 2020 9:05:58 下午 io.github.yedaxia.apidocs.LogUtils info
信息: info: success to generate docs for controller file : F:\xiangxueedu\project\mall-springcloud\mall-product-service\src\main\java\cn\enjoy\mall\service\impl\GoodsServiceImpl.java
九月 08, 2020 9:05:58 下午 io.github.yedaxia.apidocs.LogUtils info
信息: info: start to generate docs for controller file : F:\xiangxueedu\project\mall-springcloud\mall-product-service\src\main\java\cn\enjoy\mall\service\impl\manage\AttributeManageServiceImpl.java
九月 08, 2020 9:05:58 下午 io.github.yedaxia.apidocs.LogUtils info
信息: info: success to generate docs for controller file : F:\xiangxueedu\project\mall-springcloud\mall-product-service\src\main\java\cn\enjoy\mall\service\impl\manage\AttributeManageServiceImpl.java
九月 08, 2020 9:05:58 下午 io.github.yedaxia.apidocs.LogUtils info
信息: info: start to generate docs for controller file : F:\xiangxueedu\project\mall-springcloud\mall-product-service\src\main\java\cn\enjoy\mall\service\impl\manage\BrandServiceImpl.java
九月 08, 2020 9:05:58 下午 io.github.yedaxia.apidocs.LogUtils info
信息: info: success to generate docs for controller file : F:\xiangxueedu\project\mall-springcloud\mall-product-service\src\main\java\cn\enjoy\mall\service\impl\manage\BrandServiceImpl.java
九月 08, 2020 9:05:58 下午 io.github.yedaxia.apidocs.LogUtils info
信息: info: start to generate docs for controller file : F:\xiangxueedu\project\mall-springcloud\mall-product-service\src\main\java\cn\enjoy\mall\service\impl\manage\CategoryManageServiceImpl.java
九月 08, 2020 9:05:58 下午 io.github.yedaxia.apidocs.LogUtils info
信息: info: success to generate docs for controller file : F:\xiangxueedu\project\mall-springcloud\mall-product-service\src\main\java\cn\enjoy\mall\service\impl\manage\CategoryManageServiceImpl.java
九月 08, 2020 9:05:58 下午 io.github.yedaxia.apidocs.LogUtils info
信息: info: start to generate docs for controller file : F:\xiangxueedu\project\mall-springcloud\mall-product-service\src\main\java\cn\enjoy\mall\service\impl\manage\GoodsSpecManageServiceImpl.java
九月 08, 2020 9:05:58 下午 io.github.yedaxia.apidocs.LogUtils info
信息: info: success to generate docs for controller file : F:\xiangxueedu\project\mall-springcloud\mall-product-service\src\main\java\cn\enjoy\mall\service\impl\manage\GoodsSpecManageServiceImpl.java
九月 08, 2020 9:05:58 下午 io.github.yedaxia.apidocs.LogUtils info
信息: info: start to generate docs for controller file : F:\xiangxueedu\project\mall-springcloud\mall-product-service\src\main\java\cn\enjoy\mall\service\impl\manage\GoodsTypeManageServiceImpl.java
九月 08, 2020 9:05:59 下午 io.github.yedaxia.apidocs.LogUtils info
信息: info: success to generate docs for controller file : F:\xiangxueedu\project\mall-springcloud\mall-product-service\src\main\java\cn\enjoy\mall\service\impl\manage\GoodsTypeManageServiceImpl.java
九月 08, 2020 9:05:59 下午 io.github.yedaxia.apidocs.LogUtils info
信息: info: start to generate docs for controller file : F:\xiangxueedu\project\mall-springcloud\mall-product-service\src\main\java\cn\enjoy\mall\service\impl\manage\KillGoodsManageServiceImpl.java
九月 08, 2020 9:05:59 下午 io.github.yedaxia.apidocs.LogUtils info
信息: info: success to generate docs for controller file : F:\xiangxueedu\project\mall-springcloud\mall-product-service\src\main\java\cn\enjoy\mall\service\impl\manage\KillGoodsManageServiceImpl.java
九月 08, 2020 9:05:59 下午 io.github.yedaxia.apidocs.LogUtils info
信息: info: generate index start !!!
九月 08, 2020 9:05:59 下午 io.github.yedaxia.apidocs.LogUtils info
信息: info: generate index done !!!
九月 08, 2020 9:05:59 下午 io.github.yedaxia.apidocs.LogUtils info
信息: info: generate api docs done !!!
