九月 08, 2020 3:46:49 下午 io.github.yedaxia.apidocs.LogUtils info
信息: info: find java src paths:  [F:\xiangxueedu\project\mall-springcloud\mall-web-mng\src\main\java\]
九月 08, 2020 3:46:49 下午 io.github.yedaxia.apidocs.LogUtils info
信息: info: project type not set, try to figure out...
九月 08, 2020 3:46:49 下午 io.github.yedaxia.apidocs.LogUtils info
信息: info: start find controllers in path : F:\xiangxueedu\project\mall-springcloud\mall-web-mng\src\main\java\
九月 08, 2020 3:46:50 下午 io.github.yedaxia.apidocs.LogUtils info
信息: info: find controller file : DepartmentController.java
九月 08, 2020 3:46:50 下午 io.github.yedaxia.apidocs.LogUtils info
信息: info: find controller file : GoodsAttributeController.java
九月 08, 2020 3:46:50 下午 io.github.yedaxia.apidocs.LogUtils info
信息: info: find controller file : GoodsCategoryController.java
九月 08, 2020 3:46:50 下午 io.github.yedaxia.apidocs.LogUtils info
信息: info: find controller file : GoodsContoller.java
九月 08, 2020 3:46:50 下午 io.github.yedaxia.apidocs.LogUtils info
信息: info: find controller file : GoodsSpecController.java
九月 08, 2020 3:46:50 下午 io.github.yedaxia.apidocs.LogUtils info
信息: info: find controller file : GoodsTypeController.java
九月 08, 2020 3:46:50 下午 io.github.yedaxia.apidocs.LogUtils info
信息: info: find controller file : KillSpecController.java
九月 08, 2020 3:46:50 下午 io.github.yedaxia.apidocs.LogUtils info
信息: info: find controller file : OrderController.java
九月 08, 2020 3:46:50 下午 io.github.yedaxia.apidocs.LogUtils info
信息: info: find controller file : SearchController.java
九月 08, 2020 3:46:50 下午 io.github.yedaxia.apidocs.LogUtils info
信息: info: find controller file : BrandAction.java
九月 08, 2020 3:46:50 下午 io.github.yedaxia.apidocs.LogUtils info
信息: info: start to parse controller file : DepartmentController.java
九月 08, 2020 3:46:50 下午 io.github.yedaxia.apidocs.LogUtils info
信息: info: success to parse controller file : DepartmentController.java
九月 08, 2020 3:46:50 下午 io.github.yedaxia.apidocs.LogUtils info
信息: info: start to parse controller file : GoodsAttributeController.java
九月 08, 2020 3:46:50 下午 io.github.yedaxia.apidocs.LogUtils info
信息: info: success to parse controller file : GoodsAttributeController.java
九月 08, 2020 3:46:50 下午 io.github.yedaxia.apidocs.LogUtils info
信息: info: start to parse controller file : GoodsCategoryController.java
九月 08, 2020 3:46:50 下午 io.github.yedaxia.apidocs.LogUtils info
信息: info: success to parse controller file : GoodsCategoryController.java
九月 08, 2020 3:46:50 下午 io.github.yedaxia.apidocs.LogUtils info
信息: info: start to parse controller file : GoodsContoller.java
九月 08, 2020 3:46:50 下午 io.github.yedaxia.apidocs.LogUtils info
信息: info: success to parse controller file : GoodsContoller.java
九月 08, 2020 3:46:50 下午 io.github.yedaxia.apidocs.LogUtils info
信息: info: start to parse controller file : GoodsSpecController.java
九月 08, 2020 3:46:50 下午 io.github.yedaxia.apidocs.LogUtils info
信息: info: success to parse controller file : GoodsSpecController.java
九月 08, 2020 3:46:50 下午 io.github.yedaxia.apidocs.LogUtils info
信息: info: start to parse controller file : GoodsTypeController.java
九月 08, 2020 3:46:50 下午 io.github.yedaxia.apidocs.LogUtils info
信息: info: success to parse controller file : GoodsTypeController.java
九月 08, 2020 3:46:50 下午 io.github.yedaxia.apidocs.LogUtils info
信息: info: start to parse controller file : KillSpecController.java
九月 08, 2020 3:46:50 下午 io.github.yedaxia.apidocs.LogUtils info
信息: info: success to parse controller file : KillSpecController.java
九月 08, 2020 3:46:50 下午 io.github.yedaxia.apidocs.LogUtils info
信息: info: start to parse controller file : OrderController.java
九月 08, 2020 3:46:50 下午 io.github.yedaxia.apidocs.LogUtils info
信息: info: success to parse controller file : OrderController.java
九月 08, 2020 3:46:50 下午 io.github.yedaxia.apidocs.LogUtils info
信息: info: start to parse controller file : SearchController.java
九月 08, 2020 3:46:50 下午 io.github.yedaxia.apidocs.LogUtils info
信息: info: success to parse controller file : SearchController.java
九月 08, 2020 3:46:50 下午 io.github.yedaxia.apidocs.LogUtils info
信息: info: start to parse controller file : BrandAction.java
九月 08, 2020 3:46:50 下午 io.github.yedaxia.apidocs.LogUtils info
信息: info: success to parse controller file : BrandAction.java
九月 08, 2020 3:46:50 下午 io.github.yedaxia.apidocs.LogUtils info
信息: info: generate api docs start...
九月 08, 2020 3:46:50 下午 io.github.yedaxia.apidocs.LogUtils info
信息: info: start to generate docs for controller file : F:\xiangxueedu\project\mall-springcloud\mall-web-mng\src\main\java\cn\enjoy\controller\DepartmentController.java
九月 08, 2020 3:46:51 下午 io.github.yedaxia.apidocs.LogUtils info
信息: info: success to generate docs for controller file : F:\xiangxueedu\project\mall-springcloud\mall-web-mng\src\main\java\cn\enjoy\controller\DepartmentController.java
九月 08, 2020 3:46:51 下午 io.github.yedaxia.apidocs.LogUtils info
信息: info: start to generate docs for controller file : F:\xiangxueedu\project\mall-springcloud\mall-web-mng\src\main\java\cn\enjoy\controller\GoodsAttributeController.java
九月 08, 2020 3:46:51 下午 io.github.yedaxia.apidocs.LogUtils info
信息: info: success to generate docs for controller file : F:\xiangxueedu\project\mall-springcloud\mall-web-mng\src\main\java\cn\enjoy\controller\GoodsAttributeController.java
九月 08, 2020 3:46:51 下午 io.github.yedaxia.apidocs.LogUtils info
信息: info: start to generate docs for controller file : F:\xiangxueedu\project\mall-springcloud\mall-web-mng\src\main\java\cn\enjoy\controller\GoodsCategoryController.java
九月 08, 2020 3:46:51 下午 io.github.yedaxia.apidocs.LogUtils info
信息: info: success to generate docs for controller file : F:\xiangxueedu\project\mall-springcloud\mall-web-mng\src\main\java\cn\enjoy\controller\GoodsCategoryController.java
九月 08, 2020 3:46:51 下午 io.github.yedaxia.apidocs.LogUtils info
信息: info: start to generate docs for controller file : F:\xiangxueedu\project\mall-springcloud\mall-web-mng\src\main\java\cn\enjoy\controller\GoodsContoller.java
九月 08, 2020 3:46:51 下午 io.github.yedaxia.apidocs.LogUtils info
信息: info: success to generate docs for controller file : F:\xiangxueedu\project\mall-springcloud\mall-web-mng\src\main\java\cn\enjoy\controller\GoodsContoller.java
九月 08, 2020 3:46:51 下午 io.github.yedaxia.apidocs.LogUtils info
信息: info: start to generate docs for controller file : F:\xiangxueedu\project\mall-springcloud\mall-web-mng\src\main\java\cn\enjoy\controller\GoodsSpecController.java
九月 08, 2020 3:46:51 下午 io.github.yedaxia.apidocs.LogUtils info
信息: info: success to generate docs for controller file : F:\xiangxueedu\project\mall-springcloud\mall-web-mng\src\main\java\cn\enjoy\controller\GoodsSpecController.java
九月 08, 2020 3:46:51 下午 io.github.yedaxia.apidocs.LogUtils info
信息: info: start to generate docs for controller file : F:\xiangxueedu\project\mall-springcloud\mall-web-mng\src\main\java\cn\enjoy\controller\GoodsTypeController.java
九月 08, 2020 3:46:51 下午 io.github.yedaxia.apidocs.LogUtils info
信息: info: success to generate docs for controller file : F:\xiangxueedu\project\mall-springcloud\mall-web-mng\src\main\java\cn\enjoy\controller\GoodsTypeController.java
九月 08, 2020 3:46:51 下午 io.github.yedaxia.apidocs.LogUtils info
信息: info: start to generate docs for controller file : F:\xiangxueedu\project\mall-springcloud\mall-web-mng\src\main\java\cn\enjoy\controller\KillSpecController.java
九月 08, 2020 3:46:51 下午 io.github.yedaxia.apidocs.LogUtils info
信息: info: success to generate docs for controller file : F:\xiangxueedu\project\mall-springcloud\mall-web-mng\src\main\java\cn\enjoy\controller\KillSpecController.java
九月 08, 2020 3:46:51 下午 io.github.yedaxia.apidocs.LogUtils info
信息: info: start to generate docs for controller file : F:\xiangxueedu\project\mall-springcloud\mall-web-mng\src\main\java\cn\enjoy\controller\OrderController.java
九月 08, 2020 3:46:51 下午 io.github.yedaxia.apidocs.LogUtils info
信息: info: success to generate docs for controller file : F:\xiangxueedu\project\mall-springcloud\mall-web-mng\src\main\java\cn\enjoy\controller\OrderController.java
九月 08, 2020 3:46:51 下午 io.github.yedaxia.apidocs.LogUtils info
信息: info: start to generate docs for controller file : F:\xiangxueedu\project\mall-springcloud\mall-web-mng\src\main\java\cn\enjoy\controller\SearchController.java
九月 08, 2020 3:46:51 下午 io.github.yedaxia.apidocs.LogUtils info
信息: info: success to generate docs for controller file : F:\xiangxueedu\project\mall-springcloud\mall-web-mng\src\main\java\cn\enjoy\controller\SearchController.java
九月 08, 2020 3:46:51 下午 io.github.yedaxia.apidocs.LogUtils info
信息: info: start to generate docs for controller file : F:\xiangxueedu\project\mall-springcloud\mall-web-mng\src\main\java\cn\enjoy\controller\quartz\BrandAction.java
九月 08, 2020 3:46:51 下午 io.github.yedaxia.apidocs.LogUtils info
信息: info: success to generate docs for controller file : F:\xiangxueedu\project\mall-springcloud\mall-web-mng\src\main\java\cn\enjoy\controller\quartz\BrandAction.java
九月 08, 2020 3:46:51 下午 io.github.yedaxia.apidocs.LogUtils info
信息: info: generate index start !!!
九月 08, 2020 3:46:51 下午 io.github.yedaxia.apidocs.LogUtils info
信息: info: generate index done !!!
九月 08, 2020 3:46:51 下午 io.github.yedaxia.apidocs.LogUtils info
信息: info: generate api docs done !!!
